<?xml version="1.0" encoding="UTF-8" ?>
<testsuite tests="73" failures="0" name="ContainerDatabaseTest" time="0.031" errors="0" skipped="0">
  <properties>
[...]
</properties>
  <testcase classname="ContainerDatabaseTest" name="testExtractIntString2" time="0.001"/>
  <testcase classname="ContainerDatabaseTest" name="testExtractIntString3" time="0.002"/>
  <testcase classname="ContainerDatabaseTest" name="testExtractIntString4" time="0.001"/>
  <testcase classname="ContainerDatabaseTest" name="testSetContainers" time="0"/>
  <testcase classname="ContainerDatabaseTest" name="testGetColumnNameInt2" time="0.001"/>
  <testcase classname="ContainerDatabaseTest" name="testGetColumnNameInt3" time="0"/>
  <testcase classname="ContainerDatabaseTest" name="testGetColumnNameInt4" time="0.001"/>
  <testcase classname="ContainerDatabaseTest" name="testGetColumnNameInt5" time="0"/>
  <testcase classname="ContainerDatabaseTest" name="testGetColumnNameInt6" time="0"/>
  <testcase classname="ContainerDatabaseTest" name="testGetColumnNameInt7" time="0"/>
  <testcase classname="ContainerDatabaseTest" name="testGetColumnNameInt8" time="0"/>
  <testcase classname="ContainerDatabaseTest" name="testUpdatePosition2" time="0"/>
  <testcase classname="ContainerDatabaseTest" name="testUpdatePosition3" time="0"/>
  <testcase classname="ContainerDatabaseTest" name="testUpdatePosition4" time="0"/>
  <testcase classname="ContainerDatabaseTest" name="testUpdatePosition5" time="0"/>
  <testcase classname="ContainerDatabaseTest" name="testBook2" time="0.001"/>
  <testcase classname="ContainerDatabaseTest" name="testBook3" time="0"/>
  <testcase classname="ContainerDatabaseTest" name="testBook4" time="0"/>
  <testcase classname="ContainerDatabaseTest" name="testBook5" time="0"/>
  <testcase classname="ContainerDatabaseTest" name="testBook6" time="0"/>
  <testcase classname="ContainerDatabaseTest" name="testBook7" time="0.001"/>
  <testcase classname="ContainerDatabaseTest" name="testBook8" time="0"/>
  <testcase classname="ContainerDatabaseTest" name="testBook" time="0.001"/>
  <testcase classname="ContainerDatabaseTest" name="testFindStringString2" time="0.006"/>
  <testcase classname="ContainerDatabaseTest" name="testFindStringString3" time="0"/>
  <testcase classname="ContainerDatabaseTest" name="testFindStringString4" time="0"/>
  <testcase classname="ContainerDatabaseTest" name="testFindStringString5" time="0"/>
  <testcase classname="ContainerDatabaseTest" name="testFindStringString6" time="0.001"/>
  <testcase classname="ContainerDatabaseTest" name="testFindStringString7" time="0"/>
  <testcase classname="ContainerDatabaseTest" name="testFindStringString8" time="0"/>
  <testcase classname="ContainerDatabaseTest" name="testFindStringString9" time="0"/>
  <testcase classname="ContainerDatabaseTest" name="testFindBoolean2" time="0.001"/>
  <testcase classname="ContainerDatabaseTest" name="testFindStringString" time="0"/>
  <testcase classname="ContainerDatabaseTest" name="testFindStringString10" time="0.001"/>
  <testcase classname="ContainerDatabaseTest" name="testFindStringString11" time="0"/>
  <testcase classname="ContainerDatabaseTest" name="testFindStringString12" time="0.001"/>
  <testcase classname="ContainerDatabaseTest" name="testFindStringString13" time="0"/>
  <testcase classname="ContainerDatabaseTest" name="testFindStringString14" time="0"/>
  <testcase classname="ContainerDatabaseTest" name="testGetValueAt2" time="0"/>
  <testcase classname="ContainerDatabaseTest" name="testGetValueAt3" time="0"/>
  <testcase classname="ContainerDatabaseTest" name="testGetValueAt4" time="0"/>
  <testcase classname="ContainerDatabaseTest" name="testGetValueAt5" time="0.001"/>
  <testcase classname="ContainerDatabaseTest" name="testGetValueAt6" time="0"/>
  <testcase classname="ContainerDatabaseTest" name="testGetValueAt7" time="0.001"/>
  <testcase classname="ContainerDatabaseTest" name="testGetValueAt8" time="0"/>
  <testcase classname="ContainerDatabaseTest" name="testRegister" time="0.001"/>
  <testcase classname="ContainerDatabaseTest" name="testExtractInt" time="0"/>
  <testcase classname="ContainerDatabaseTest" name="testFindBoolean" time="0.003"/>
  <testcase classname="ContainerDatabaseTest" name="testExtractIntString" time="0"/>
  <testcase classname="ContainerDatabaseTest" name="testGetColumnNameInt" time="0"/>
  <testcase classname="ContainerDatabaseTest" name="testUpdatePosition" time="0.001"/>
  <testcase classname="ContainerDatabaseTest" name="testFindStringInt2" time="0"/>
  <testcase classname="ContainerDatabaseTest" name="testFindStringInt3" time="0"/>
  <testcase classname="ContainerDatabaseTest" name="testFindStringInt4" time="0"/>
  <testcase classname="ContainerDatabaseTest" name="testFindStringInt5" time="0"/>
  <testcase classname="ContainerDatabaseTest" name="testFindStringInt6" time="0"/>
  <testcase classname="ContainerDatabaseTest" name="testGetValueAt" time="0.001"/>
  <testcase classname="ContainerDatabaseTest" name="testRemove2" time="0"/>
  <testcase classname="ContainerDatabaseTest" name="testRemove3" time="0"/>
  <testcase classname="ContainerDatabaseTest" name="testRegister2" time="0"/>
  <testcase classname="ContainerDatabaseTest" name="testRegister3" time="0"/>
  <testcase classname="ContainerDatabaseTest" name="testExtractInt2" time="0.001"/>
  <testcase classname="ContainerDatabaseTest" name="testExtractInt3" time="0"/>
  <testcase classname="ContainerDatabaseTest" name="testGetRowCount" time="0"/>
  <testcase classname="ContainerDatabaseTest" name="testGetColumnCount" time="0"/>
  <testcase classname="ContainerDatabaseTest" name="testRemove" time="0.001"/>
  <testcase classname="ContainerDatabaseTest" name="testMarkArrived2" time="0"/>
  <testcase classname="ContainerDatabaseTest" name="testMarkArrived3" time="0.001"/>
  <testcase classname="ContainerDatabaseTest" name="testMarkArrived4" time="0"/>
  <testcase classname="ContainerDatabaseTest" name="testMarkArrived5" time="0"/>
  <testcase classname="ContainerDatabaseTest" name="testGetContainers" time="0"/>
  <testcase classname="ContainerDatabaseTest" name="testFindStringInt" time="0.001"/>
  <testcase classname="ContainerDatabaseTest" name="testMarkArrived" time="0"/>
</testsuite>