<?xml version="1.0" encoding="UTF-8" ?>
<testsuite tests="28" failures="0" name="ContainerTest" time="0.007" errors="0" skipped="0">
  <properties>
[...]
</properties>
  <testcase classname="ContainerTest" name="testGetPosition" time="0.001"/>
  <testcase classname="ContainerTest" name="testAppendHistory" time="0"/>
  <testcase classname="ContainerTest" name="testGetContainerID" time="0"/>
  <testcase classname="ContainerTest" name="testGetOwner" time="0"/>
  <testcase classname="ContainerTest" name="testGetTemperature" time="0"/>
  <testcase classname="ContainerTest" name="testGetCurrentJourney" time="0"/>
  <testcase classname="ContainerTest" name="testSetCompany" time="0"/>
  <testcase classname="ContainerTest" name="testGetDate" time="0"/>
  <testcase classname="ContainerTest" name="testIsAvailability" time="0.001"/>
  <testcase classname="ContainerTest" name="testSetPressure" time="0"/>
  <testcase classname="ContainerTest" name="testSetAvailability" time="0"/>
  <testcase classname="ContainerTest" name="testGetHistory1" time="0"/>
  <testcase classname="ContainerTest" name="testGetHistory2" time="0.001"/>
  <testcase classname="ContainerTest" name="testGetHistory3" time="0"/>
  <testcase classname="ContainerTest" name="testGetHistory4" time="0"/>
  <testcase classname="ContainerTest" name="testGetPressure" time="0.002"/>
  <testcase classname="ContainerTest" name="testSetContentType" time="0"/>
  <testcase classname="ContainerTest" name="testSetContainerID" time="0"/>
  <testcase classname="ContainerTest" name="testSetTemperature" time="0"/>
  <testcase classname="ContainerTest" name="testGetHistory" time="0.001"/>
  <testcase classname="ContainerTest" name="testGetCompany" time="0"/>
  <testcase classname="ContainerTest" name="testSetDate" time="0"/>
  <testcase classname="ContainerTest" name="testSetHumidity" time="0.001"/>
  <testcase classname="ContainerTest" name="testGetHumidity" time="0"/>
  <testcase classname="ContainerTest" name="testGetContentType" time="0"/>
  <testcase classname="ContainerTest" name="testSetCurrentJourney" time="0"/>
  <testcase classname="ContainerTest" name="testSetPosition" time="0"/>
  <testcase classname="ContainerTest" name="testSetOwner" time="0"/>
</testsuite>