<?xml version="1.0" encoding="UTF-8" ?>
<testsuite tests="1" failures="0" name="CucumberTest" time="0.173" errors="0" skipped="1">
  <properties>
[...]
</properties>
  <testcase classname="Register clients" name="A client is registering in the system with date of birth, full name and email, phone number" time="0.173">
    <skipped/>
    <system-err>Mar 24, 2021 4:20:49 PM io.cucumber.junit.Cucumber &lt;init&gt;
WARNING: By default Cucumber is running in --non-strict mode.
This default will change to --strict and --non-strict will be removed.
You can use --strict or @CucumberOptions(strict = true) to suppress this warning
</system-err>
  </testcase>
</testsuite>