<?xml version="1.0" encoding="UTF-8" ?>
<testsuite tests="2" failures="1" name="CucumberTest" time="0.298" errors="0" skipped="0">
  <properties>
[...]
</properties>
  <testcase classname="Registering a container" name="Successful registration" time="0.295">
    <failure type="java.lang.AssertionError">java.lang.AssertionError
	at org.junit.Assert.fail(Assert.java:87)
	at org.junit.Assert.assertTrue(Assert.java:42)
	at org.junit.Assert.assertTrue(Assert.java:53)
	at StepDefinitionM2.create_a_journey_ID(StepDefinitionM2.java:62)
	at ✽.create a journey-ID &quot;CO00001&quot;(file:///C:/Users/Alan/Desktop/02160%20Agile%20Object-oriented%20Software%20Development/Remote-Container-Management/System/src/main/resources/Registration.feature:31)
</failure>
    <system-err>Mar 25, 2021 3:55:17 AM io.cucumber.junit.Cucumber &lt;init&gt;
WARNING: By default Cucumber is running in --non-strict mode.
This default will change to --strict and --non-strict will be removed.
You can use --strict or @CucumberOptions(strict = true) to suppress this warning
</system-err>
  </testcase>
  <testcase classname="Registering a container" name="Missing origin, destination, company or content type" time="0.003"/>
</testsuite>