<?xml version="1.0" encoding="UTF-8" ?>
<testsuite tests="14" failures="0" name="CucumberTest" time="0.262" errors="0" skipped="0">
  <properties>
[...]
</properties>
  <testcase classname="Update information" name="Successfull update of al information except name and birth date" time="0.196"/>
  <testcase classname="Update information" name="Unsuccessfull update" time="0.004"/>
  <testcase classname="Update information" name="Unsuccessfull update 2" time="0.006"/>
  <testcase classname="Update information" name="Unsuccessfull update 3" time="0.006"/>
  <testcase classname="Contacting clients" name="Contacting registered client by unique id" time="0.005"/>
  <testcase classname="Contacting clients" name="Contacting registered client by name" time="0.005"/>
  <testcase classname="Contacting clients" name="Contacting client by id that doesnt exists" time="0.005"/>
  <testcase classname="Contacting clients" name="Contacting client by name that doesnt exists" time="0.008"/>
  <testcase classname="Register clients" name="A client is registering in the system with date of birth, full name and email, phone number" time="0.004"/>
  <testcase classname="Register clients" name="Same client registers again" time="0.009"/>
  <testcase classname="Register clients" name="Two client with same name but different contact info register" time="0.003"/>
  <testcase classname="Register clients" name="Client tries to register without name" time="0.004"/>
  <testcase classname="Register clients" name="Client tries to register with one contact info" time="0.003"/>
  <testcase classname="Register clients" name="Client tries to register with the other contact info" time="0.004"/>
</testsuite>